
[2025-05-20 16:49:16] Log Entry:
https://www.henryusa.com/henry-dealer-locations-nearest-to-you/firearm-dealers-alabama/
- https://www.henryusa.com/dealer-location/a-1-pawn-llc/
- https://www.henryusa.com/dealer-location/alabama-gun-pawn-inc/
- https://www.henryusa.com/dealer-location/alabama-pawn-cash-inc/
- https://www.henryusa.com/dealer-location/andrews-hdwe-co-inc/
- https://www.henryusa.com/dealer-location/arab-lumber-supply-co/
- https://www.henryusa.com/dealer-location/bama-pawn-jewelry/
- https://www.henryusa.com/dealer-location/bass-pro-outdoor-world/
- https://www.henryusa.com/dealer-location/bass-pro-shop/
- https://www.henryusa.com/dealer-location/bass-pro-outdoor-world-2/
- https://www.henryusa.com/dealer-location/bennett-auto-parts/
- https://www.henryusa.com/dealer-location/big-daddys-outdoors/
- https://www.henryusa.com/dealer-location/birmingham-pistol-wholesale-inc/
- https://www.henryusa.com/dealer-location/blount-county-tactical/
- https://www.henryusa.com/dealer-location/bradfords-jewelry-pawn-gun/
- https://www.henryusa.com/dealer-location/buck-creek-pawn-shop/
- https://www.henryusa.com/dealer-location/buddys-sports-country/
- https://www.henryusa.com/dealer-location/byfords-gun-pawn-inc/
- https://www.henryusa.com/dealer-location/cn-tactical-llc/
- https://www.henryusa.com/dealer-location/cabelas-3/
- https://www.henryusa.com/dealer-location/campbell-hardware-supply/
- https://www.henryusa.com/dealer-location/capital-pawn-shop/
- https://www.henryusa.com/dealer-location/casey-feed-llc/
- https://www.henryusa.com/dealer-location/chriss-gun-shop/
- https://www.henryusa.com/dealer-location/crimson-pride-fishing-hunting/
- https://www.henryusa.com/dealer-location/cullman-guns-ammo-pawn/
- https://www.henryusa.com/dealer-location/d-k-pawn/
- https://www.henryusa.com/dealer-location/days-sporting-goods-pawn/
- https://www.henryusa.com/dealer-location/dekalb-sportsman-and-pawn/
- https://www.henryusa.com/dealer-location/dempseys-pawn-gun/
- https://www.henryusa.com/dealer-location/dunhams-sports-215/
- https://www.henryusa.com/dealer-location/dunhams-sports-227/
- https://www.henryusa.com/dealer-location/dunhams-sports-238/
- https://www.henryusa.com/dealer-location/dunhams-sports-263/
- https://www.henryusa.com/dealer-location/dunns-true-value-hardware/
- https://www.henryusa.com/dealer-location/dunns-sports/
- https://www.henryusa.com/dealer-location/earls-pawn-jewelery-inc/
- https://www.henryusa.com/dealer-location/fletchers-outdoors/
- https://www.henryusa.com/dealer-location/g-d-farms/
- https://www.henryusa.com/dealer-location/geraldine-hardware-llc/
- https://www.henryusa.com/dealer-location/gold-mine-pawn-shop/
- https://www.henryusa.com/dealer-location/gun-logic-firearms/
- https://www.henryusa.com/dealer-location/guns-n-more-athens/
- https://www.henryusa.com/dealer-location/hh-guns-then-some/
- https://www.henryusa.com/dealer-location/hatcher-custom-shop/
- https://www.henryusa.com/dealer-location/holmes-guns/
- https://www.henryusa.com/dealer-location/hoover-tactical-firearms-llc/
- https://www.henryusa.com/dealer-location/hudson-pawn-gun-shop-inc/
- https://www.henryusa.com/dealer-location/j-m-trading-post/
- https://www.henryusa.com/dealer-location/kennys-gun-room/
- https://www.henryusa.com/dealer-location/kings-pawn-jewelry-co-inc/
- https://www.henryusa.com/dealer-location/larrys-general-merchandise/
- https://www.henryusa.com/dealer-location/larrys-jewelry-pawn/
- https://www.henryusa.com/dealer-location/larryspistol-pawn/
- https://www.henryusa.com/dealer-location/linden-ace-hardware-llc/
- https://www.henryusa.com/dealer-location/lt-dans-pawn/
- https://www.henryusa.com/dealer-location/marks-outdoor-sports/
- https://www.henryusa.com/dealer-location/mary-carter-paint/
- https://www.henryusa.com/dealer-location/mccoy-outdoor-co-the/
- https://www.henryusa.com/dealer-location/mcintyres-gun-service/
- https://www.henryusa.com/dealer-location/michaels-jewlery-and-pawn/
- https://www.henryusa.com/dealer-location/mid-city-jewelry-loan-co/
- https://www.henryusa.com/dealer-location/mikes-treasure-chest/
- https://www.henryusa.com/dealer-location/mitchs-a-m-pawn-shop/
- https://www.henryusa.com/dealer-location/mobile-shooting-center-inc/
- https://www.henryusa.com/dealer-location/jcs-guns-tackle-shop-inc/
- https://www.henryusa.com/dealer-location/mulberry-gun-pawn/
- https://www.henryusa.com/dealer-location/mvp-firearms/
- https://www.henryusa.com/dealer-location/newbys-pawn-gun/
- https://www.henryusa.com/dealer-location/newmans-farm-supply-inc/
- https://www.henryusa.com/dealer-location/olivers-firearms/
- https://www.henryusa.com/dealer-location/outlaw-gun-and-pawn/
- https://www.henryusa.com/dealer-location/pats-archery-outdoors/
- https://www.henryusa.com/dealer-location/patriot-gun-sales/
- https://www.henryusa.com/dealer-location/patriots/
- https://www.henryusa.com/dealer-location/pawn-central/
- https://www.henryusa.com/dealer-location/pawn-daddy/
- https://www.henryusa.com/dealer-location/pawn-express/
- https://www.henryusa.com/dealer-location/pine-city-gun-pawn/
- https://www.henryusa.com/dealer-location/pleasant-grove-gun-supply/
- https://www.henryusa.com/dealer-location/pops-armory/
- https://www.henryusa.com/dealer-location/premier-pawn-and-pistol-llc/
- https://www.henryusa.com/dealer-location/quality-guns/
- https://www.henryusa.com/dealer-location/quints-hardware-inc/
- https://www.henryusa.com/dealer-location/redland-rifle-company/
- https://www.henryusa.com/dealer-location/storys-inc/
- https://www.henryusa.com/dealer-location/rural-king/
- https://www.henryusa.com/dealer-location/safford-hardware/
- https://www.henryusa.com/dealer-location/scottsboro-pawn-shop/
- https://www.henryusa.com/dealer-location/shock-wave-gun-pawn/
- https://www.henryusa.com/dealer-location/shotglass-guns-inc/
- https://www.henryusa.com/dealer-location/shotgun-sports-supplies/
- https://www.henryusa.com/dealer-location/simmons-sporting-goods/
- https://www.henryusa.com/dealer-location/sonnys-pawn-gun-shop/
- https://www.henryusa.com/dealer-location/southeast-sales-inc/
- https://www.henryusa.com/dealer-location/southern-outdoor-sports/
- https://www.henryusa.com/dealer-location/stone-arms-inc/
- https://www.henryusa.com/dealer-location/styx-river-shooting-center/
- https://www.henryusa.com/dealer-location/tt-guns-ammo-ii/
- https://www.henryusa.com/dealer-location/the-custom-shop/
- https://www.henryusa.com/dealer-location/the-fishing-hole/
- https://www.henryusa.com/dealer-location/goforth-firearms/
- https://www.henryusa.com/dealer-location/the-minnow-bucket/
- https://www.henryusa.com/dealer-location/the-pawn-shop/
- https://www.henryusa.com/dealer-location/the-sure-shot/
- https://www.henryusa.com/dealer-location/the-trading-post/
- https://www.henryusa.com/dealer-location/three-notch-pawn-gun/
- https://www.henryusa.com/dealer-location/tri-state-guns-ammo-sales-llc/
- https://www.henryusa.com/dealer-location/troy-sportshop/
- https://www.henryusa.com/dealer-location/tuckers/
- https://www.henryusa.com/dealer-location/vans-sporting-goods-cullman/
- https://www.henryusa.com/dealer-location/village-jewelry-sports/
- https://www.henryusa.com/dealer-location/sportsmans-headquarters/
- https://www.henryusa.com/dealer-location/wilborn-outdoors/
- https://www.henryusa.com/dealer-location/willinghams-sports/
- https://www.henryusa.com/dealer-location/wills-town-tactical/
- https://www.henryusa.com/dealer-location/woods-and-water-inc/
- https://www.henryusa.com/dealer-location/zindels-gun-shop-llc/

[2025-05-20 16:49:18] Log Entry:
https://www.henryusa.com/henry-dealer-locations-nearest-to-you/firearm-dealers-alaska/
- https://www.henryusa.com/dealer-location/a-1-pawn-llc/
- https://www.henryusa.com/dealer-location/alabama-gun-pawn-inc/
- https://www.henryusa.com/dealer-location/alabama-pawn-cash-inc/
- https://www.henryusa.com/dealer-location/andrews-hdwe-co-inc/
- https://www.henryusa.com/dealer-location/arab-lumber-supply-co/
- https://www.henryusa.com/dealer-location/bama-pawn-jewelry/
- https://www.henryusa.com/dealer-location/bass-pro-outdoor-world/
- https://www.henryusa.com/dealer-location/bass-pro-shop/
- https://www.henryusa.com/dealer-location/bass-pro-outdoor-world-2/
- https://www.henryusa.com/dealer-location/bennett-auto-parts/
- https://www.henryusa.com/dealer-location/big-daddys-outdoors/
- https://www.henryusa.com/dealer-location/birmingham-pistol-wholesale-inc/
- https://www.henryusa.com/dealer-location/blount-county-tactical/
- https://www.henryusa.com/dealer-location/bradfords-jewelry-pawn-gun/
- https://www.henryusa.com/dealer-location/buck-creek-pawn-shop/
- https://www.henryusa.com/dealer-location/buddys-sports-country/
- https://www.henryusa.com/dealer-location/byfords-gun-pawn-inc/
- https://www.henryusa.com/dealer-location/cn-tactical-llc/
- https://www.henryusa.com/dealer-location/cabelas-3/
- https://www.henryusa.com/dealer-location/campbell-hardware-supply/
- https://www.henryusa.com/dealer-location/capital-pawn-shop/
- https://www.henryusa.com/dealer-location/casey-feed-llc/
- https://www.henryusa.com/dealer-location/chriss-gun-shop/
- https://www.henryusa.com/dealer-location/crimson-pride-fishing-hunting/
- https://www.henryusa.com/dealer-location/cullman-guns-ammo-pawn/
- https://www.henryusa.com/dealer-location/d-k-pawn/
- https://www.henryusa.com/dealer-location/days-sporting-goods-pawn/
- https://www.henryusa.com/dealer-location/dekalb-sportsman-and-pawn/
- https://www.henryusa.com/dealer-location/dempseys-pawn-gun/
- https://www.henryusa.com/dealer-location/dunhams-sports-215/
- https://www.henryusa.com/dealer-location/dunhams-sports-227/
- https://www.henryusa.com/dealer-location/dunhams-sports-238/
- https://www.henryusa.com/dealer-location/dunhams-sports-263/
- https://www.henryusa.com/dealer-location/dunns-true-value-hardware/
- https://www.henryusa.com/dealer-location/dunns-sports/
- https://www.henryusa.com/dealer-location/earls-pawn-jewelery-inc/
- https://www.henryusa.com/dealer-location/fletchers-outdoors/
- https://www.henryusa.com/dealer-location/g-d-farms/
- https://www.henryusa.com/dealer-location/geraldine-hardware-llc/
- https://www.henryusa.com/dealer-location/gold-mine-pawn-shop/
- https://www.henryusa.com/dealer-location/gun-logic-firearms/
- https://www.henryusa.com/dealer-location/guns-n-more-athens/
- https://www.henryusa.com/dealer-location/hh-guns-then-some/
- https://www.henryusa.com/dealer-location/hatcher-custom-shop/
- https://www.henryusa.com/dealer-location/holmes-guns/
- https://www.henryusa.com/dealer-location/hoover-tactical-firearms-llc/
- https://www.henryusa.com/dealer-location/hudson-pawn-gun-shop-inc/
- https://www.henryusa.com/dealer-location/j-m-trading-post/
- https://www.henryusa.com/dealer-location/kennys-gun-room/
- https://www.henryusa.com/dealer-location/kings-pawn-jewelry-co-inc/
- https://www.henryusa.com/dealer-location/larrys-general-merchandise/
- https://www.henryusa.com/dealer-location/larrys-jewelry-pawn/
- https://www.henryusa.com/dealer-location/larryspistol-pawn/
- https://www.henryusa.com/dealer-location/linden-ace-hardware-llc/
- https://www.henryusa.com/dealer-location/lt-dans-pawn/
- https://www.henryusa.com/dealer-location/marks-outdoor-sports/
- https://www.henryusa.com/dealer-location/mary-carter-paint/
- https://www.henryusa.com/dealer-location/mccoy-outdoor-co-the/
- https://www.henryusa.com/dealer-location/mcintyres-gun-service/
- https://www.henryusa.com/dealer-location/michaels-jewlery-and-pawn/
- https://www.henryusa.com/dealer-location/mid-city-jewelry-loan-co/
- https://www.henryusa.com/dealer-location/mikes-treasure-chest/
- https://www.henryusa.com/dealer-location/mitchs-a-m-pawn-shop/
- https://www.henryusa.com/dealer-location/mobile-shooting-center-inc/
- https://www.henryusa.com/dealer-location/jcs-guns-tackle-shop-inc/
- https://www.henryusa.com/dealer-location/mulberry-gun-pawn/
- https://www.henryusa.com/dealer-location/mvp-firearms/
- https://www.henryusa.com/dealer-location/newbys-pawn-gun/
- https://www.henryusa.com/dealer-location/newmans-farm-supply-inc/
- https://www.henryusa.com/dealer-location/olivers-firearms/
- https://www.henryusa.com/dealer-location/outlaw-gun-and-pawn/
- https://www.henryusa.com/dealer-location/pats-archery-outdoors/
- https://www.henryusa.com/dealer-location/patriot-gun-sales/
- https://www.henryusa.com/dealer-location/patriots/
- https://www.henryusa.com/dealer-location/pawn-central/
- https://www.henryusa.com/dealer-location/pawn-daddy/
- https://www.henryusa.com/dealer-location/pawn-express/
- https://www.henryusa.com/dealer-location/pine-city-gun-pawn/
- https://www.henryusa.com/dealer-location/pleasant-grove-gun-supply/
- https://www.henryusa.com/dealer-location/pops-armory/
- https://www.henryusa.com/dealer-location/premier-pawn-and-pistol-llc/
- https://www.henryusa.com/dealer-location/quality-guns/
- https://www.henryusa.com/dealer-location/quints-hardware-inc/
- https://www.henryusa.com/dealer-location/redland-rifle-company/
- https://www.henryusa.com/dealer-location/storys-inc/
- https://www.henryusa.com/dealer-location/rural-king/
- https://www.henryusa.com/dealer-location/safford-hardware/
- https://www.henryusa.com/dealer-location/scottsboro-pawn-shop/
- https://www.henryusa.com/dealer-location/shock-wave-gun-pawn/
- https://www.henryusa.com/dealer-location/shotglass-guns-inc/
- https://www.henryusa.com/dealer-location/shotgun-sports-supplies/
- https://www.henryusa.com/dealer-location/simmons-sporting-goods/
- https://www.henryusa.com/dealer-location/sonnys-pawn-gun-shop/
- https://www.henryusa.com/dealer-location/southeast-sales-inc/
- https://www.henryusa.com/dealer-location/southern-outdoor-sports/
- https://www.henryusa.com/dealer-location/stone-arms-inc/
- https://www.henryusa.com/dealer-location/styx-river-shooting-center/
- https://www.henryusa.com/dealer-location/tt-guns-ammo-ii/
- https://www.henryusa.com/dealer-location/the-custom-shop/
- https://www.henryusa.com/dealer-location/the-fishing-hole/
- https://www.henryusa.com/dealer-location/goforth-firearms/
- https://www.henryusa.com/dealer-location/the-minnow-bucket/
- https://www.henryusa.com/dealer-location/the-pawn-shop/
- https://www.henryusa.com/dealer-location/the-sure-shot/
- https://www.henryusa.com/dealer-location/the-trading-post/
- https://www.henryusa.com/dealer-location/three-notch-pawn-gun/
- https://www.henryusa.com/dealer-location/tri-state-guns-ammo-sales-llc/
- https://www.henryusa.com/dealer-location/troy-sportshop/
- https://www.henryusa.com/dealer-location/tuckers/
- https://www.henryusa.com/dealer-location/vans-sporting-goods-cullman/
- https://www.henryusa.com/dealer-location/village-jewelry-sports/
- https://www.henryusa.com/dealer-location/sportsmans-headquarters/
- https://www.henryusa.com/dealer-location/wilborn-outdoors/
- https://www.henryusa.com/dealer-location/willinghams-sports/
- https://www.henryusa.com/dealer-location/wills-town-tactical/
- https://www.henryusa.com/dealer-location/woods-and-water-inc/
- https://www.henryusa.com/dealer-location/zindels-gun-shop-llc/
- https://www.henryusa.com/dealer-location/bayview-inc/
- https://www.henryusa.com/dealer-location/brown-bear-gun-shop/
- https://www.henryusa.com/dealer-location/cabelas-2/
- https://www.henryusa.com/dealer-location/chimo-guns/
- https://www.henryusa.com/dealer-location/cys-sporting-goods/
- https://www.henryusa.com/dealer-location/eskimos-incorporated/
- https://www.henryusa.com/dealer-location/frontier-outfitters/
- https://www.henryusa.com/dealer-location/granite-view-sports/
- https://www.henryusa.com/dealer-location/great-northern-guns-inc/
- https://www.henryusa.com/dealer-location/gun-runners/
- https://www.henryusa.com/dealer-location/kachemak-gear-shed/
- https://www.henryusa.com/dealer-location/log-cabin-sporting-goods/
- https://www.henryusa.com/dealer-location/macks-sport-shop/
- https://www.henryusa.com/dealer-location/mat-su-tactical/
- https://www.henryusa.com/dealer-location/mountain-view-sports-center/
- https://www.henryusa.com/dealer-location/nome-outfitters-gun-shop/
- https://www.henryusa.com/dealer-location/orion-sporting-goods/
- https://www.henryusa.com/dealer-location/polar-armory/
- https://www.henryusa.com/dealer-location/sportsmans-warehouse/
- https://www.henryusa.com/dealer-location/sportsmans-warehouse-2/
- https://www.henryusa.com/dealer-location/sportsmans-warehouse-26/
- https://www.henryusa.com/dealer-location/sportsmans-warehouse-27/
- https://www.henryusa.com/dealer-location/sportsmans-warehouse-28/
- https://www.henryusa.com/dealer-location/the-gun-traders-inc/
- https://www.henryusa.com/dealer-location/three-bears-outpost-01/
- https://www.henryusa.com/dealer-location/three-bears-outpost-100/
- https://www.henryusa.com/dealer-location/three-bears-outpost-45/
- https://www.henryusa.com/dealer-location/three-bears-outpost-50/
- https://www.henryusa.com/dealer-location/three-bears-outpost-60/
- https://www.henryusa.com/dealer-location/three-bears-outpost-80/
- https://www.henryusa.com/dealer-location/three-bears-outpost-85/
- https://www.henryusa.com/dealer-location/ulmers/

[2025-05-20 16:49:19] Log Entry:
https://www.henryusa.com/henry-dealer-locations-nearest-to-you/firearm-dealers-arizona/
- https://www.henryusa.com/dealer-location/a-1-pawn-llc/
- https://www.henryusa.com/dealer-location/alabama-gun-pawn-inc/
- https://www.henryusa.com/dealer-location/alabama-pawn-cash-inc/
- https://www.henryusa.com/dealer-location/andrews-hdwe-co-inc/
- https://www.henryusa.com/dealer-location/arab-lumber-supply-co/
- https://www.henryusa.com/dealer-location/bama-pawn-jewelry/
- https://www.henryusa.com/dealer-location/bass-pro-outdoor-world/
- https://www.henryusa.com/dealer-location/bass-pro-shop/
- https://www.henryusa.com/dealer-location/bass-pro-outdoor-world-2/
- https://www.henryusa.com/dealer-location/bennett-auto-parts/
- https://www.henryusa.com/dealer-location/big-daddys-outdoors/
- https://www.henryusa.com/dealer-location/birmingham-pistol-wholesale-inc/
- https://www.henryusa.com/dealer-location/blount-county-tactical/
- https://www.henryusa.com/dealer-location/bradfords-jewelry-pawn-gun/
- https://www.henryusa.com/dealer-location/buck-creek-pawn-shop/
- https://www.henryusa.com/dealer-location/buddys-sports-country/
- https://www.henryusa.com/dealer-location/byfords-gun-pawn-inc/
- https://www.henryusa.com/dealer-location/cn-tactical-llc/
- https://www.henryusa.com/dealer-location/cabelas-3/
- https://www.henryusa.com/dealer-location/campbell-hardware-supply/
- https://www.henryusa.com/dealer-location/capital-pawn-shop/
- https://www.henryusa.com/dealer-location/casey-feed-llc/
- https://www.henryusa.com/dealer-location/chriss-gun-shop/
- https://www.henryusa.com/dealer-location/crimson-pride-fishing-hunting/
- https://www.henryusa.com/dealer-location/cullman-guns-ammo-pawn/
- https://www.henryusa.com/dealer-location/d-k-pawn/
- https://www.henryusa.com/dealer-location/days-sporting-goods-pawn/
- https://www.henryusa.com/dealer-location/dekalb-sportsman-and-pawn/
- https://www.henryusa.com/dealer-location/dempseys-pawn-gun/
- https://www.henryusa.com/dealer-location/dunhams-sports-215/
- https://www.henryusa.com/dealer-location/dunhams-sports-227/
- https://www.henryusa.com/dealer-location/dunhams-sports-238/
- https://www.henryusa.com/dealer-location/dunhams-sports-263/
- https://www.henryusa.com/dealer-location/dunns-true-value-hardware/
- https://www.henryusa.com/dealer-location/dunns-sports/
- https://www.henryusa.com/dealer-location/earls-pawn-jewelery-inc/
- https://www.henryusa.com/dealer-location/fletchers-outdoors/
- https://www.henryusa.com/dealer-location/g-d-farms/
- https://www.henryusa.com/dealer-location/geraldine-hardware-llc/
- https://www.henryusa.com/dealer-location/gold-mine-pawn-shop/
- https://www.henryusa.com/dealer-location/gun-logic-firearms/
- https://www.henryusa.com/dealer-location/guns-n-more-athens/
- https://www.henryusa.com/dealer-location/hh-guns-then-some/
- https://www.henryusa.com/dealer-location/hatcher-custom-shop/
- https://www.henryusa.com/dealer-location/holmes-guns/
- https://www.henryusa.com/dealer-location/hoover-tactical-firearms-llc/
- https://www.henryusa.com/dealer-location/hudson-pawn-gun-shop-inc/
- https://www.henryusa.com/dealer-location/j-m-trading-post/
- https://www.henryusa.com/dealer-location/kennys-gun-room/
- https://www.henryusa.com/dealer-location/kings-pawn-jewelry-co-inc/
- https://www.henryusa.com/dealer-location/larrys-general-merchandise/
- https://www.henryusa.com/dealer-location/larrys-jewelry-pawn/
- https://www.henryusa.com/dealer-location/larryspistol-pawn/
- https://www.henryusa.com/dealer-location/linden-ace-hardware-llc/
- https://www.henryusa.com/dealer-location/lt-dans-pawn/
- https://www.henryusa.com/dealer-location/marks-outdoor-sports/
- https://www.henryusa.com/dealer-location/mary-carter-paint/
- https://www.henryusa.com/dealer-location/mccoy-outdoor-co-the/
- https://www.henryusa.com/dealer-location/mcintyres-gun-service/
- https://www.henryusa.com/dealer-location/michaels-jewlery-and-pawn/
- https://www.henryusa.com/dealer-location/mid-city-jewelry-loan-co/
- https://www.henryusa.com/dealer-location/mikes-treasure-chest/
- https://www.henryusa.com/dealer-location/mitchs-a-m-pawn-shop/
- https://www.henryusa.com/dealer-location/mobile-shooting-center-inc/
- https://www.henryusa.com/dealer-location/jcs-guns-tackle-shop-inc/
- https://www.henryusa.com/dealer-location/mulberry-gun-pawn/
- https://www.henryusa.com/dealer-location/mvp-firearms/
- https://www.henryusa.com/dealer-location/newbys-pawn-gun/
- https://www.henryusa.com/dealer-location/newmans-farm-supply-inc/
- https://www.henryusa.com/dealer-location/olivers-firearms/
- https://www.henryusa.com/dealer-location/outlaw-gun-and-pawn/
- https://www.henryusa.com/dealer-location/pats-archery-outdoors/
- https://www.henryusa.com/dealer-location/patriot-gun-sales/
- https://www.henryusa.com/dealer-location/patriots/
- https://www.henryusa.com/dealer-location/pawn-central/
- https://www.henryusa.com/dealer-location/pawn-daddy/
- https://www.henryusa.com/dealer-location/pawn-express/
- https://www.henryusa.com/dealer-location/pine-city-gun-pawn/
- https://www.henryusa.com/dealer-location/pleasant-grove-gun-supply/
- https://www.henryusa.com/dealer-location/pops-armory/
- https://www.henryusa.com/dealer-location/premier-pawn-and-pistol-llc/
- https://www.henryusa.com/dealer-location/quality-guns/
- https://www.henryusa.com/dealer-location/quints-hardware-inc/
- https://www.henryusa.com/dealer-location/redland-rifle-company/
- https://www.henryusa.com/dealer-location/storys-inc/
- https://www.henryusa.com/dealer-location/rural-king/
- https://www.henryusa.com/dealer-location/safford-hardware/
- https://www.henryusa.com/dealer-location/scottsboro-pawn-shop/
- https://www.henryusa.com/dealer-location/shock-wave-gun-pawn/
- https://www.henryusa.com/dealer-location/shotglass-guns-inc/
- https://www.henryusa.com/dealer-location/shotgun-sports-supplies/
- https://www.henryusa.com/dealer-location/simmons-sporting-goods/
- https://www.henryusa.com/dealer-location/sonnys-pawn-gun-shop/
- https://www.henryusa.com/dealer-location/southeast-sales-inc/
- https://www.henryusa.com/dealer-location/southern-outdoor-sports/
- https://www.henryusa.com/dealer-location/stone-arms-inc/
- https://www.henryusa.com/dealer-location/styx-river-shooting-center/
- https://www.henryusa.com/dealer-location/tt-guns-ammo-ii/
- https://www.henryusa.com/dealer-location/the-custom-shop/
- https://www.henryusa.com/dealer-location/the-fishing-hole/
- https://www.henryusa.com/dealer-location/goforth-firearms/
- https://www.henryusa.com/dealer-location/the-minnow-bucket/
- https://www.henryusa.com/dealer-location/the-pawn-shop/
- https://www.henryusa.com/dealer-location/the-sure-shot/
- https://www.henryusa.com/dealer-location/the-trading-post/
- https://www.henryusa.com/dealer-location/three-notch-pawn-gun/
- https://www.henryusa.com/dealer-location/tri-state-guns-ammo-sales-llc/
- https://www.henryusa.com/dealer-location/troy-sportshop/
- https://www.henryusa.com/dealer-location/tuckers/
- https://www.henryusa.com/dealer-location/vans-sporting-goods-cullman/
- https://www.henryusa.com/dealer-location/village-jewelry-sports/
- https://www.henryusa.com/dealer-location/sportsmans-headquarters/
- https://www.henryusa.com/dealer-location/wilborn-outdoors/
- https://www.henryusa.com/dealer-location/willinghams-sports/
- https://www.henryusa.com/dealer-location/wills-town-tactical/
- https://www.henryusa.com/dealer-location/woods-and-water-inc/
- https://www.henryusa.com/dealer-location/zindels-gun-shop-llc/
- https://www.henryusa.com/dealer-location/bayview-inc/
- https://www.henryusa.com/dealer-location/brown-bear-gun-shop/
- https://www.henryusa.com/dealer-location/cabelas-2/
- https://www.henryusa.com/dealer-location/chimo-guns/
- https://www.henryusa.com/dealer-location/cys-sporting-goods/
- https://www.henryusa.com/dealer-location/eskimos-incorporated/
- https://www.henryusa.com/dealer-location/frontier-outfitters/
- https://www.henryusa.com/dealer-location/granite-view-sports/
- https://www.henryusa.com/dealer-location/great-northern-guns-inc/
- https://www.henryusa.com/dealer-location/gun-runners/
- https://www.henryusa.com/dealer-location/kachemak-gear-shed/
- https://www.henryusa.com/dealer-location/log-cabin-sporting-goods/
- https://www.henryusa.com/dealer-location/macks-sport-shop/
- https://www.henryusa.com/dealer-location/mat-su-tactical/
- https://www.henryusa.com/dealer-location/mountain-view-sports-center/
- https://www.henryusa.com/dealer-location/nome-outfitters-gun-shop/
- https://www.henryusa.com/dealer-location/orion-sporting-goods/
- https://www.henryusa.com/dealer-location/polar-armory/
- https://www.henryusa.com/dealer-location/sportsmans-warehouse/
- https://www.henryusa.com/dealer-location/sportsmans-warehouse-2/
- https://www.henryusa.com/dealer-location/sportsmans-warehouse-26/
- https://www.henryusa.com/dealer-location/sportsmans-warehouse-27/
- https://www.henryusa.com/dealer-location/sportsmans-warehouse-28/
- https://www.henryusa.com/dealer-location/the-gun-traders-inc/
- https://www.henryusa.com/dealer-location/three-bears-outpost-01/
- https://www.henryusa.com/dealer-location/three-bears-outpost-100/
- https://www.henryusa.com/dealer-location/three-bears-outpost-45/
- https://www.henryusa.com/dealer-location/three-bears-outpost-50/
- https://www.henryusa.com/dealer-location/three-bears-outpost-60/
- https://www.henryusa.com/dealer-location/three-bears-outpost-80/
- https://www.henryusa.com/dealer-location/three-bears-outpost-85/
- https://www.henryusa.com/dealer-location/ulmers/
- https://www.henryusa.com/dealer-location/aji-sports/
- https://www.henryusa.com/dealer-location/america-fidelis/
- https://www.henryusa.com/dealer-location/arizona-arms-llc/
- https://www.henryusa.com/dealer-location/arizona-firearms-collectibles-inc/
- https://www.henryusa.com/dealer-location/aztec-pawn-gold/
- https://www.henryusa.com/dealer-location/baja-az-guns/
- https://www.henryusa.com/dealer-location/bank-st-guns/
- https://www.henryusa.com/dealer-location/bass-pro-shop-2/
- https://www.henryusa.com/dealer-location/bear-arms/
- https://www.henryusa.com/dealer-location/bear-mountain-sports/
- https://www.henryusa.com/dealer-location/bucky-oneill-guns-llc/
- https://www.henryusa.com/dealer-location/c2-tactical/
- https://www.henryusa.com/dealer-location/cabelas-5/
- https://www.henryusa.com/dealer-location/cash-box-jewelry-pawn-co/
- https://www.henryusa.com/dealer-location/caswells-shooting-range/
- https://www.henryusa.com/dealer-location/chosin-firearms/
- https://www.henryusa.com/dealer-location/clik-clik-bang-firearms/
- https://www.henryusa.com/dealer-location/crazzy-joes/
- https://www.henryusa.com/dealer-location/diamond-point-gun-shop/
- https://www.henryusa.com/dealer-location/dominion-firearms/
- https://www.henryusa.com/dealer-location/firing-pin-gun-pawn/
- https://www.henryusa.com/dealer-location/fully-loaded-manufacturing-inc/
- https://www.henryusa.com/dealer-location/g-p-distributing/
- https://www.henryusa.com/dealer-location/gila-outdoor/
- https://www.henryusa.com/dealer-location/goliath-industries-llc/
- https://www.henryusa.com/dealer-location/grayhawk-enterprises/
- https://www.henryusa.com/dealer-location/guns-plus-2/
- https://www.henryusa.com/dealer-location/guns-etc/
- https://www.henryusa.com/dealer-location/havasu-guns/
- https://www.henryusa.com/dealer-location/high-country-guns-knives/
- https://www.henryusa.com/dealer-location/homestead-firearms/
- https://www.henryusa.com/dealer-location/horizon-intl-inc/
- https://www.henryusa.com/dealer-location/jones-firearms/
- https://www.henryusa.com/dealer-location/k-p-arms-llc/
- https://www.henryusa.com/dealer-location/larson-weaponry/
- https://www.henryusa.com/dealer-location/legendary-guns/
- https://www.henryusa.com/dealer-location/lone-wolf-trading-company/
- https://www.henryusa.com/dealer-location/mad-guns-llc/
- https://www.henryusa.com/dealer-location/np-gunsmith-sales/
- https://www.henryusa.com/dealer-location/old-west-guns-trading-co/
- https://www.henryusa.com/dealer-location/olsen-firearms/
- https://www.henryusa.com/dealer-location/on-target-enterprise/
- https://www.henryusa.com/dealer-location/pioneer/
- https://www.henryusa.com/dealer-location/pistol-parlor/
- https://www.henryusa.com/dealer-location/prescott-valley-guns-inc/
- https://www.henryusa.com/dealer-location/randalls-firearms-accessories/
- https://www.henryusa.com/dealer-location/refiners-firearms/
- https://www.henryusa.com/dealer-location/rim-country-guns/
- https://www.henryusa.com/dealer-location/ruffs-sporting-goods/
- https://www.henryusa.com/dealer-location/sams-shooters-emporium/
- https://www.henryusa.com/dealer-location/sanctuary-tactical/
- https://www.henryusa.com/dealer-location/sarges-sidearms/
- https://www.henryusa.com/dealer-location/scottsdale-gun-club/
- https://www.henryusa.com/dealer-location/second-amendment-family-gun-shop/
- https://www.henryusa.com/dealer-location/sharp-shooters/
- https://www.henryusa.com/dealer-location/shooters-world/
- https://www.henryusa.com/dealer-location/shooters-world-of-goodyear/
- https://www.henryusa.com/dealer-location/shooters-world-of-peoria/
- https://www.henryusa.com/dealer-location/smoke-n-guns/
- https://www.henryusa.com/dealer-location/southwest-firearms/
- https://www.henryusa.com/dealer-location/sportsmans-warehouse-29/
- https://www.henryusa.com/dealer-location/sportsmans-warehouse-30/
- https://www.henryusa.com/dealer-location/sportsmans-warehouse-31/
- https://www.henryusa.com/dealer-location/sportsmans-warehouse-32/
- https://www.henryusa.com/dealer-location/sportsmans-warehouse-33/
- https://www.henryusa.com/dealer-location/sportsmans-warehouse-34/
- https://www.henryusa.com/dealer-location/sportsmans-warehouse-35/
- https://www.henryusa.com/dealer-location/sportsmans-warehouse-36/
- https://www.henryusa.com/dealer-location/sportsmans-warehouse-chandler/
- https://www.henryusa.com/dealer-location/spragues-sports-inc/
- https://www.henryusa.com/dealer-location/the-gun-corner-at-ruggieros-ace/
- https://www.henryusa.com/dealer-location/roger-gun-trader/
- https://www.henryusa.com/dealer-location/thunderstick-trading-co-ltd/
- https://www.henryusa.com/dealer-location/tombstone-sweet-memories/
- https://www.henryusa.com/dealer-location/tombstone-tactical/
- https://www.henryusa.com/dealer-location/trail-boss-outfitters/
- https://www.henryusa.com/dealer-location/turners-outdoorsman-goodyear/
- https://www.henryusa.com/dealer-location/turners-outdoorsman-tucson/
- https://www.henryusa.com/dealer-location/united-sporting-goods/
- https://www.henryusa.com/dealer-location/western-drug-general-store/
- https://www.henryusa.com/dealer-location/wild-willys-guns-n-ammo/
